  sort_algos.c
test2.obj : error LNK2005: BubbleSort 已经在 sort_algos.obj 中定义
test2.obj : error LNK2005: InsertSort 已经在 sort_algos.obj 中定义
test2.obj : error LNK2005: Partition 已经在 sort_algos.obj 中定义
test2.obj : error LNK2005: QuickSort 已经在 sort_algos.obj 中定义
test2.obj : error LNK2005: SelectSort 已经在 sort_algos.obj 中定义
test2.obj : error LNK2005: copyArray 已经在 sort_algos.obj 中定义
test2.obj : error LNK2005: generateData 已经在 sort_algos.obj 中定义
test2.obj : error LNK2005: main 已经在 sort_algos.obj 中定义
test2.obj : error LNK2005: swap 已经在 sort_algos.obj 中定义
test2.obj : error LNK2005: testAlgorithm 已经在 sort_algos.obj 中定义
test2.obj : error LNK2005: visualize 已经在 sort_algos.obj 中定义
test2.obj : error LNK2005: g_compareCount 已经在 sort_algos.obj 中定义
test2.obj : error LNK2005: g_moveCount 已经在 sort_algos.obj 中定义
test2.obj : error LNK2005: g_visualize 已经在 sort_algos.obj 中定义
test2.obj : error LNK2005: g_delay 已经在 sort_algos.obj 中定义
D:\25578\Desktop\File\Code\sort_system\Sorting_ASystem\x64\Debug\Sorting_ASystem.dll : fatal error LNK1169: 找到一个或多个多重定义的符号
